#
# A fatal error has been detected by the Java Runtime Environment:
#
#  EXCEPTION_ACCESS_VIOLATION (0xc0000005) at pc=0x73bea9ee, pid=14772, tid=0x00001eb0
#
# JRE version: Java(TM) SE Runtime Environment (8.0_121-b13) (build 1.8.0_121-b13)
# Java VM: Java HotSpot(TM) Client VM (25.121-b13 mixed mode, sharing windows-x86 )
# Problematic frame:
# V  [jvm.dll+0xda9ee]
#
# Failed to write core dump. Minidumps are not enabled by default on client versions of Windows
#
# If you would like to submit a bug report, please visit:
#   http://bugreport.java.com/bugreport/crash.jsp
#

---------------  T H R E A D  ---------------

Current thread (0x15c5a800):  JavaThread "Thread-2" [_thread_in_vm, id=7856, stack(0x1b700000,0x1b750000)]

siginfo: ExceptionCode=0xc0000005, reading address 0x00000000

Registers:
EAX=0x00000000, EBX=0x00000000, ECX=0x00000000, EDX=0x73bea990
ESP=0x1b74f238, EBP=0x1b74f268, ESI=0x14693098, EDI=0x15c5a800
EIP=0x73bea9ee, EFLAGS=0x00010246

Top of Stack: (sp=0x1b74f238)
0x1b74f238:   15c5a800 14693098 14693098 73b9ce2b
0x1b74f248:   02237b80 15c5a800 02237b80 00000000
0x1b74f258:   15c5a800 00000000 73b9ce4a 15c56468
0x1b74f268:   1b74f2f8 6dcc153d 15c5a800 00000000
0x1b74f278:   00000000 00000000 02237b88 02237f74
0x1b74f288:   0000153a 00000000 00000009 14693098
0x1b74f298:   15c5a800 6dcc1513 00000001 15c56568
0x1b74f2a8:   15c5a800 02226040 15c5a800 14693098 

Instructions: (pc=0x73bea9ee)
0x73bea9ce:   e8 0d ca f2 ff 33 db 83 c4 08 89 7d f0 89 5d f4
0x73bea9de:   39 5f 04 74 08 8d 4d f0 e8 45 d4 0c 00 8b 45 0c
0x73bea9ee:   8b 30 8b 0d 00 94 e8 73 39 1c 31 74 45 56 e8 6f
0x73bea9fe:   a1 f6 ff 83 c4 04 6a 00 6a 00 8d 4d dc 8d 78 01 


Register to memory mapping:

EAX=0x00000000 is an unknown value
EBX=0x00000000 is an unknown value
ECX=0x00000000 is an unknown value
EDX=0x73bea990 is an unknown value
ESP=0x1b74f238 is pointing into the stack for thread: 0x15c5a800
EBP=0x1b74f268 is pointing into the stack for thread: 0x15c5a800
ESI={method} {0x1469309c} 'jnikioComputeTagPosition' '(Ljava/lang/String;)[D' in 'rtls/Serial'
EDI=0x15c5a800 is a thread


Stack: [0x1b700000,0x1b750000],  sp=0x1b74f238,  free space=316k
Native frames: (J=compiled Java code, j=interpreted, Vv=VM code, C=native code)
V  [jvm.dll+0xda9ee]
C  [libjnikio.dll+0x153d]
j  rtls.Serial.jnikioComputeTagPosition(Ljava/lang/String;)[D+0
j  rtls.Serial.dataAquisitionLoop()V+284
j  rtls.Serial$1.run()V+0
j  java.lang.Thread.run()V+11
v  ~StubRoutines::call_stub
V  [jvm.dll+0x15aa85]
V  [jvm.dll+0x220d7e]
V  [jvm.dll+0x15ab1e]
V  [jvm.dll+0x15aca6]
V  [jvm.dll+0x15ad17]
V  [jvm.dll+0xff20f]
V  [jvm.dll+0x17d800]
V  [jvm.dll+0x17e07a]
V  [jvm.dll+0x1c2ae6]
C  [msvcr100.dll+0x5c556]
C  [msvcr100.dll+0x5c600]
C  [KERNEL32.DLL+0x162c4]
C  [ntdll.dll+0x60fd9]
C  [ntdll.dll+0x60fa4]
C  0x00000000

Java frames: (J=compiled Java code, j=interpreted, Vv=VM code)
j  rtls.Serial.jnikioComputeTagPosition(Ljava/lang/String;)[D+0
j  rtls.Serial.dataAquisitionLoop()V+284
j  rtls.Serial$1.run()V+0
j  java.lang.Thread.run()V+11
v  ~StubRoutines::call_stub

---------------  P R O C E S S  ---------------

Java Threads: ( => current thread )
=>0x15c5a800 JavaThread "Thread-2" [_thread_in_vm, id=7856, stack(0x1b700000,0x1b750000)]
  0x009fbc00 JavaThread "DestroyJavaVM" [_thread_blocked, id=10888, stack(0x00a00000,0x00a50000)]
  0x15c4c000 JavaThread "D3D Screen Updater" daemon [_thread_blocked, id=11392, stack(0x1b210000,0x1b260000)]
  0x15c32c00 JavaThread "AWT-EventQueue-0" [_thread_blocked, id=3512, stack(0x160d0000,0x16120000)]
  0x15c1bc00 JavaThread "AWT-Windows" daemon [_thread_in_native, id=16472, stack(0x15e00000,0x15e50000)]
  0x15c19000 JavaThread "AWT-Shutdown" [_thread_blocked, id=10688, stack(0x15d70000,0x15dc0000)]
  0x15c18800 JavaThread "Java2D Disposer" daemon [_thread_blocked, id=9700, stack(0x15550000,0x155a0000)]
  0x02249800 JavaThread "Service Thread" daemon [_thread_blocked, id=15040, stack(0x15340000,0x15390000)]
  0x0222fc00 JavaThread "C1 CompilerThread0" daemon [_thread_blocked, id=10552, stack(0x152b0000,0x15300000)]
  0x0222ec00 JavaThread "Attach Listener" daemon [_thread_blocked, id=9308, stack(0x15220000,0x15270000)]
  0x0222cc00 JavaThread "Signal Dispatcher" daemon [_thread_blocked, id=10680, stack(0x15190000,0x151e0000)]
  0x02223800 JavaThread "Finalizer" daemon [_thread_blocked, id=17440, stack(0x15010000,0x15060000)]
  0x021c6400 JavaThread "Reference Handler" daemon [_thread_blocked, id=4004, stack(0x14950000,0x149a0000)]

Other Threads:
  0x021c2000 VMThread [stack: 0x148c0000,0x14910000] [id=16456]
  0x02267c00 WatcherThread [stack: 0x153d0000,0x15420000] [id=15032]

VM state:not at safepoint (normal execution)

VM Mutex/Monitor currently owned by a thread: None

Heap:
 def new generation   total 4928K, used 3395K [0x04400000, 0x04950000, 0x09950000)
  eden space 4416K,  76% used [0x04400000, 0x04750ee0, 0x04850000)
  from space 512K,   0% used [0x04850000, 0x04850000, 0x048d0000)
  to   space 512K,   0% used [0x048d0000, 0x048d0000, 0x04950000)
 tenured generation   total 10944K, used 0K [0x09950000, 0x0a400000, 0x14400000)
   the space 10944K,   0% used [0x09950000, 0x09950000, 0x09950200, 0x0a400000)
 Metaspace       used 551K, capacity 2522K, committed 2624K, reserved 4480K

Card table byte_map: [0x04320000,0x043b0000] byte_map_base: 0x042fe000

Polling page: 0x00940000

CodeCache: size=32768Kb used=872Kb max_used=872Kb free=31895Kb
 bounds [0x022a0000, 0x02380000, 0x042a0000]
 total_blobs=371 nmethods=161 adapters=141
 compilation: enabled

Compilation events (10 events):
Event: 3.509 Thread 0x0222fc00  155             sun.net.www.ParseUtil::encodePath (336 bytes)
Event: 3.510 Thread 0x0222fc00 nmethod 155 0x02376f88 code [0x02377130, 0x023777f8]
Event: 8.900 Thread 0x0222fc00  157             java.util.HashMap::get (23 bytes)
Event: 8.900 Thread 0x0222fc00 nmethod 157 0x02378248 code [0x02378360, 0x02378468]
Event: 8.900 Thread 0x0222fc00  158             java.awt.EventQueue::getNextEventPrivate (76 bytes)
Event: 8.901 Thread 0x0222fc00 nmethod 158 0x02378548 code [0x02378650, 0x0237877c]
Event: 9.012 Thread 0x0222fc00  159   !         sun.awt.PostEventQueue::flush (168 bytes)
Event: 9.013 Thread 0x0222fc00 nmethod 159 0x02378888 code [0x02378a20, 0x023791c4]
Event: 9.044 Thread 0x0222fc00  160             java.security.AccessControlContext::combine (205 bytes)
Event: 9.045 Thread 0x0222fc00 nmethod 160 0x02379848 code [0x02379980, 0x02379e38]

GC Heap History (0 events):
No events

Deoptimization events (0 events):
No events

Internal exceptions (10 events):
Event: 0.016 Thread 0x009fbc00 Exception <a 'java/lang/NoSuchMethodError': Method sun.misc.Unsafe.defineClass(Ljava/lang/String;[BII)Ljava/lang/Class; name or signature does not match> (0x044079c0) thrown at [C:\workspace\8-2-build-windows-i586-cygwin\jdk8u121\8372\hotspot\src\share\vm
Event: 0.016 Thread 0x009fbc00 Exception <a 'java/lang/NoSuchMethodError': Method sun.misc.Unsafe.prefetchRead(Ljava/lang/Object;J)V name or signature does not match> (0x04407c90) thrown at [C:\workspace\8-2-build-windows-i586-cygwin\jdk8u121\8372\hotspot\src\share\vm\prims\jni.cpp, li
Event: 0.044 Thread 0x009fbc00 Exception <a 'java/security/PrivilegedActionException'> (0x04483880) thrown at [C:\workspace\8-2-build-windows-i586-cygwin\jdk8u121\8372\hotspot\src\share\vm\prims\jvm.cpp, line 1390]
Event: 0.044 Thread 0x009fbc00 Exception <a 'java/security/PrivilegedActionException'> (0x04483a80) thrown at [C:\workspace\8-2-build-windows-i586-cygwin\jdk8u121\8372\hotspot\src\share\vm\prims\jvm.cpp, line 1390]
Event: 0.044 Thread 0x009fbc00 Exception <a 'java/security/PrivilegedActionException'> (0x0449dce0) thrown at [C:\workspace\8-2-build-windows-i586-cygwin\jdk8u121\8372\hotspot\src\share\vm\prims\jvm.cpp, line 1390]
Event: 0.044 Thread 0x009fbc00 Exception <a 'java/security/PrivilegedActionException'> (0x0449dee0) thrown at [C:\workspace\8-2-build-windows-i586-cygwin\jdk8u121\8372\hotspot\src\share\vm\prims\jvm.cpp, line 1390]
Event: 0.046 Thread 0x009fbc00 Exception <a 'java/io/FileNotFoundException'> (0x0449ffe0) thrown at [C:\workspace\8-2-build-windows-i586-cygwin\jdk8u121\8372\hotspot\src\share\vm\prims\jni.cpp, line 709]
Event: 0.065 Thread 0x009fbc00 Exception <a 'java/lang/NoSuchFieldError': method resolution failed> (0x0455ad98) thrown at [C:\workspace\8-2-build-windows-i586-cygwin\jdk8u121\8372\hotspot\src\share\vm\prims\methodHandles.cpp, line 1146]
Event: 0.066 Thread 0x009fbc00 Exception <a 'java/lang/NoSuchFieldError': method resolution failed> (0x04566f50) thrown at [C:\workspace\8-2-build-windows-i586-cygwin\jdk8u121\8372\hotspot\src\share\vm\prims\methodHandles.cpp, line 1146]
Event: 0.081 Thread 0x009fbc00 Exception <a 'java/io/FileNotFoundException'> (0x045edc30) thrown at [C:\workspace\8-2-build-windows-i586-cygwin\jdk8u121\8372\hotspot\src\share\vm\prims\jni.cpp, line 709]

Events (10 events):
Event: 3.511 loading class jssc/SerialPort$EventThread
Event: 3.511 loading class jssc/SerialPort$EventThread done
Event: 3.511 loading class jssc/SerialPort$LinuxEventThread
Event: 3.511 loading class jssc/SerialPort$LinuxEventThread done
Event: 3.511 loading class jssc/SerialPortTimeoutException
Event: 3.511 loading class jssc/SerialPortTimeoutException done
Event: 3.512 loading class jssc/SerialNativeInterface
Event: 3.512 loading class jssc/SerialNativeInterface done
Event: 4.070 Executing VM operation: EnableBiasedLocking
Event: 4.070 Executing VM operation: EnableBiasedLocking done


Dynamic libraries:
0x00020000 - 0x00053000 	C:\Program Files (x86)\Java\jdk1.8.0_121\bin\java.exe
0x77960000 - 0x77ae3000 	C:\WINDOWS\SYSTEM32\ntdll.dll
0x76fc0000 - 0x770a0000 	C:\WINDOWS\System32\KERNEL32.DLL
0x77190000 - 0x77331000 	C:\WINDOWS\System32\KERNELBASE.dll
0x72c50000 - 0x72ce2000 	C:\WINDOWS\system32\apphelp.dll
0x76e20000 - 0x76e97000 	C:\WINDOWS\System32\ADVAPI32.dll
0x74d20000 - 0x74dde000 	C:\WINDOWS\System32\msvcrt.dll
0x76c70000 - 0x76cb1000 	C:\WINDOWS\System32\sechost.dll
0x74c50000 - 0x74d11000 	C:\WINDOWS\System32\RPCRT4.dll
0x74970000 - 0x7498e000 	C:\WINDOWS\System32\SspiCli.dll
0x74320000 - 0x7432a000 	C:\WINDOWS\System32\CRYPTBASE.dll
0x76f60000 - 0x76fba000 	C:\WINDOWS\System32\bcryptPrimitives.dll
0x776a0000 - 0x777ff000 	C:\WINDOWS\System32\USER32.dll
0x74b40000 - 0x74b55000 	C:\WINDOWS\System32\win32u.dll
0x76c40000 - 0x76c6b000 	C:\WINDOWS\System32\GDI32.dll
0x76cc0000 - 0x76e1a000 	C:\WINDOWS\System32\gdi32full.dll
0x72d00000 - 0x72f0a000 	C:\WINDOWS\WinSxS\x86_microsoft.windows.common-controls_6595b64144ccf1df_6.0.14393.953_none_89c2555adb023171\COMCTL32.dll
0x77480000 - 0x77691000 	C:\WINDOWS\System32\combase.dll
0x770a0000 - 0x77180000 	C:\WINDOWS\System32\ucrtbase.dll
0x77340000 - 0x77365000 	C:\WINDOWS\System32\IMM32.DLL
0x73f60000 - 0x7401f000 	C:\Program Files (x86)\Java\jdk1.8.0_121\jre\bin\msvcr100.dll
0x73b10000 - 0x73ede000 	C:\Program Files (x86)\Java\jdk1.8.0_121\jre\bin\client\jvm.dll
0x767c0000 - 0x767c6000 	C:\WINDOWS\System32\PSAPI.DLL
0x6ffa0000 - 0x6ffa8000 	C:\WINDOWS\SYSTEM32\WSOCK32.dll
0x72c20000 - 0x72c44000 	C:\WINDOWS\SYSTEM32\WINMM.dll
0x72930000 - 0x72938000 	C:\WINDOWS\SYSTEM32\VERSION.dll
0x76820000 - 0x76883000 	C:\WINDOWS\System32\WS2_32.dll
0x00960000 - 0x00983000 	C:\WINDOWS\SYSTEM32\WINMMBASE.dll
0x76ea0000 - 0x76ed6000 	C:\WINDOWS\System32\cfgmgr32.dll
0x74250000 - 0x7425c000 	C:\Program Files (x86)\Java\jdk1.8.0_121\jre\bin\verify.dll
0x73ef0000 - 0x73f11000 	C:\Program Files (x86)\Java\jdk1.8.0_121\jre\bin\java.dll
0x74230000 - 0x74243000 	C:\Program Files (x86)\Java\jdk1.8.0_121\jre\bin\zip.dll
0x74e70000 - 0x76248000 	C:\WINDOWS\System32\SHELL32.dll
0x76250000 - 0x767be000 	C:\WINDOWS\System32\windows.storage.dll
0x76bf0000 - 0x76c35000 	C:\WINDOWS\System32\powrprof.dll
0x767d0000 - 0x76816000 	C:\WINDOWS\System32\shlwapi.dll
0x76b80000 - 0x76b8d000 	C:\WINDOWS\System32\kernel.appcore.dll
0x74ab0000 - 0x74b38000 	C:\WINDOWS\System32\shcore.dll
0x77370000 - 0x7737f000 	C:\WINDOWS\System32\profapi.dll
0x73990000 - 0x73ad6000 	C:\Program Files (x86)\Java\jdk1.8.0_121\jre\bin\awt.dll
0x74a10000 - 0x74aa4000 	C:\WINDOWS\System32\OLEAUT32.dll
0x76ee0000 - 0x76f5b000 	C:\WINDOWS\System32\msvcp_win.dll
0x723e0000 - 0x723ff000 	C:\WINDOWS\system32\DWMAPI.DLL
0x72700000 - 0x72775000 	C:\WINDOWS\system32\uxtheme.dll
0x738b0000 - 0x73990000 	C:\WINDOWS\system32\opengl32.dll
0x65a70000 - 0x65b5d000 	C:\WINDOWS\SYSTEM32\DDRAW.dll
0x73880000 - 0x738a5000 	C:\WINDOWS\SYSTEM32\GLU32.dll
0x6f150000 - 0x6f157000 	C:\WINDOWS\SYSTEM32\DCIMAN32.dll
0x74330000 - 0x74465000 	C:\WINDOWS\System32\MSCTF.dll
0x74b60000 - 0x74c4c000 	C:\WINDOWS\System32\ole32.dll
0x71420000 - 0x7157f000 	C:\WINDOWS\system32\d3d9.dll
0x68d30000 - 0x69b00000 	C:\WINDOWS\System32\DriverStore\FileRepository\nvak.inf_amd64_791beb67a268df58\nvd3dum.dll
0x68bd0000 - 0x68d21000 	C:\WINDOWS\system32\nvspcap.dll
0x74470000 - 0x7487b000 	C:\WINDOWS\System32\SETUPAPI.dll
0x74160000 - 0x74200000 	C:\WINDOWS\SYSTEM32\WINHTTP.dll
0x68840000 - 0x68bc5000 	C:\WINDOWS\system32\nvapi.dll
0x72400000 - 0x72483000 	C:\WINDOWS\SYSTEM32\dxgi.dll
0x658d0000 - 0x65997000 	C:\Program Files (x86)\NVIDIA Corporation\3D Vision\nvSCPAPI.dll
0x73840000 - 0x73879000 	C:\Program Files (x86)\Java\jdk1.8.0_121\jre\bin\fontmanager.dll
0x711e0000 - 0x71261000 	C:\WINDOWS\system32\RICHED20.DLL
0x72bb0000 - 0x72bc7000 	C:\WINDOWS\SYSTEM32\USP10.dll
0x711a0000 - 0x711d1000 	C:\WINDOWS\SYSTEM32\msls31.dll
0x74de0000 - 0x74e64000 	C:\WINDOWS\System32\clbcatq.dll
0x70d80000 - 0x70dc4000 	C:\WINDOWS\system32\dataexchange.dll
0x724d0000 - 0x72700000 	C:\WINDOWS\system32\d3d11.dll
0x70c60000 - 0x70d73000 	C:\WINDOWS\system32\dcomp.dll
0x70b60000 - 0x70c51000 	C:\WINDOWS\system32\twinapi.appcore.dll
0x72be0000 - 0x72bfb000 	C:\WINDOWS\system32\bcrypt.dll
0x6dcc0000 - 0x6debb000 	C:\Users\User\Desktop\eliko_workin - Copy\GeneralElikoDataPublisher_AWT_Modfied_2.1\libjnikio.dll
0x64000000 - 0x6401b000 	C:\Users\User\.jssc\windows\jSSC-2.8_x86.dll
0x70380000 - 0x704c5000 	C:\WINDOWS\SYSTEM32\dbghelp.dll

VM Arguments:
jvm_args: -Dfile.encoding=UTF-8 
java_command: rtls.daFrame
java_class_path (initial): C:\jSSC-2.8.0-Release\jssc.jar;C:\Users\User\Desktop\eliko_workin - Copy\GeneralElikoDataPublisher_AWT_Modfied_2.1\build\classes
Launcher Type: SUN_STANDARD

Environment Variables:
PATH=C:\ProgramData\Oracle\Java\javapath;C:\Program Files (x86)\Intel\iCLS Client\;C:\Program Files\Intel\iCLS Client\;C:\Windows\system32;C:\Windows;C:\Windows\System32\Wbem;C:\Windows\System32\WindowsPowerShell\v1.0\;C:\Program Files (x86)\Intel\Intel(R) Management Engine Components\DAL;C:\Program Files\Intel\Intel(R) Management Engine Components\DAL;C:\Program Files (x86)\Intel\Intel(R) Management Engine Components\IPT;C:\Program Files\Intel\Intel(R) Management Engine Components\IPT;C:\Program Files (x86)\NVIDIA Corporation\PhysX\Common;C:\Program Files\MATLAB\R2016a\runtime\win64;C:\Program Files\MATLAB\R2016a\bin;C:\WINDOWS\system32;C:\WINDOWS;C:\WINDOWS\System32\Wbem;C:\WINDOWS\System32\WindowsPowerShell\v1.0\;C:\Users\User\Anaconda2;C:\Users\User\Anaconda2\Scripts;C:\Users\User\Anaconda2\Library\bin;C:\Users\User\AppData\Local\Microsoft\WindowsApps;
USERNAME=User
OS=Windows_NT
PROCESSOR_IDENTIFIER=Intel64 Family 6 Model 60 Stepping 3, GenuineIntel



---------------  S Y S T E M  ---------------

OS: Windows 10.0 , 64 bit Build 14393 (10.0.14393.1198)

CPU:total 4 (4 cores per cpu, 1 threads per core) family 6 model 60 stepping 3, cmov, cx8, fxsr, mmx, sse, sse2, sse3, ssse3, sse4.1, sse4.2, popcnt, avx, avx2, aes, clmul, erms, lzcnt, tsc, tscinvbit, bmi1, bmi2

Memory: 4k page, physical 6161568k(3363308k free), swap 7144608k(3759540k free)

vm_info: Java HotSpot(TM) Client VM (25.121-b13) for windows-x86 JRE (1.8.0_121-b13), built on Dec 12 2016 18:17:00 by "java_re" with MS VC++ 10.0 (VS2010)

time: Mon Sep 18 18:25:33 2017
elapsed time: 9 seconds (0d 0h 0m 9s)

